[2019-05-27 17:10:09,550] {__init__.py:1139} INFO - Dependencies all met for <TaskInstance: weatherDag.get_weather 2019-05-26T00:37:00+00:00 [queued]>
[2019-05-27 17:10:09,556] {__init__.py:1139} INFO - Dependencies all met for <TaskInstance: weatherDag.get_weather 2019-05-26T00:37:00+00:00 [queued]>
[2019-05-27 17:10:09,556] {__init__.py:1353} INFO - 
--------------------------------------------------------------------------------
[2019-05-27 17:10:09,556] {__init__.py:1354} INFO - Starting attempt 1 of 6
[2019-05-27 17:10:09,556] {__init__.py:1355} INFO - 
--------------------------------------------------------------------------------
[2019-05-27 17:10:09,566] {__init__.py:1374} INFO - Executing <Task(BashOperator): get_weather> on 2019-05-26T00:37:00+00:00
[2019-05-27 17:10:09,566] {base_task_runner.py:119} INFO - Running: [u'airflow', u'run', 'weatherDag', 'get_weather', '2019-05-26T00:37:00+00:00', u'--job_id', '99', u'--raw', u'-sd', u'DAGS_FOLDER/weatherDag.py', u'--cfg_path', '/var/folders/vq/p6h8wgbx1kl6g19d3nf64l2r0000gn/T/tmprNFnM6']
[2019-05-27 17:10:10,349] {base_task_runner.py:101} INFO - Job 99: Subtask get_weather [2019-05-27 17:10:10,348] {__init__.py:51} INFO - Using executor SequentialExecutor
[2019-05-27 17:10:10,534] {base_task_runner.py:101} INFO - Job 99: Subtask get_weather [2019-05-27 17:10:10,533] {__init__.py:305} INFO - Filling up the DagBag from /Users/azad/airflow/dags/weatherDag.py
[2019-05-27 17:10:10,538] {base_task_runner.py:101} INFO - Job 99: Subtask get_weather /usr/local/lib/python2.7/site-packages/airflow/utils/helpers.py:387: DeprecationWarning: Importing 'PythonOperator' directly from 'airflow.operators' has been deprecated. Please import from 'airflow.operators.[operator_module]' instead. Support for direct imports will be dropped entirely in Airflow 2.0.
[2019-05-27 17:10:10,538] {base_task_runner.py:101} INFO - Job 99: Subtask get_weather   DeprecationWarning)
[2019-05-27 17:10:10,548] {base_task_runner.py:101} INFO - Job 99: Subtask get_weather /usr/local/lib/python2.7/site-packages/airflow/utils/helpers.py:387: DeprecationWarning: Importing 'PostgresHook' directly from 'airflow.hooks' has been deprecated. Please import from 'airflow.hooks.[operator_module]' instead. Support for direct imports will be dropped entirely in Airflow 2.0.
[2019-05-27 17:10:10,548] {base_task_runner.py:101} INFO - Job 99: Subtask get_weather   DeprecationWarning)
[2019-05-27 17:10:15,566] {base_task_runner.py:101} INFO - Job 99: Subtask get_weather [2019-05-27 17:10:15,565] {cli.py:517} INFO - Running <TaskInstance: weatherDag.get_weather 2019-05-26T00:37:00+00:00 [running]> on host Azads-MacBook-Pro.local
[2019-05-27 17:10:20,594] {bash_operator.py:81} INFO - Tmp dir root location: 
 /var/folders/vq/p6h8wgbx1kl6g19d3nf64l2r0000gn/T
[2019-05-27 17:10:20,595] {bash_operator.py:90} INFO - Exporting the following env vars:
AIRFLOW_CTX_TASK_ID=get_weather
AIRFLOW_CTX_DAG_ID=weatherDag
AIRFLOW_CTX_EXECUTION_DATE=2019-05-26T00:37:00+00:00
AIRFLOW_CTX_DAG_RUN_ID=backfill_2019-05-26T00:37:00+00:00
[2019-05-27 17:10:20,597] {bash_operator.py:104} INFO - Temporary script location: /var/folders/vq/p6h8wgbx1kl6g19d3nf64l2r0000gn/T/airflowtmpvHRB2K/get_weatherMCXjZ8
[2019-05-27 17:10:20,597] {bash_operator.py:114} INFO - Running command: /Users/azad/.virtualenvs/bigdata/bin/python /Users/azad/airflow/dags/src/getWeather.py
[2019-05-27 17:10:20,604] {bash_operator.py:123} INFO - Output:
[2019-05-27 17:10:20,850] {bash_operator.py:131} INFO - Command exited with return code 0
[2019-05-27 17:10:24,640] {logging_mixin.py:95} INFO - [2019-05-27 17:10:24,639] {jobs.py:2562} INFO - Task exited with return code 0
