[2019-05-27 16:48:47,723] {__init__.py:1139} INFO - Dependencies all met for <TaskInstance: weatherDag.get_weather 2019-05-26T00:19:00+00:00 [queued]>
[2019-05-27 16:48:47,729] {__init__.py:1139} INFO - Dependencies all met for <TaskInstance: weatherDag.get_weather 2019-05-26T00:19:00+00:00 [queued]>
[2019-05-27 16:48:47,729] {__init__.py:1353} INFO - 
--------------------------------------------------------------------------------
[2019-05-27 16:48:47,729] {__init__.py:1354} INFO - Starting attempt 1 of 6
[2019-05-27 16:48:47,729] {__init__.py:1355} INFO - 
--------------------------------------------------------------------------------
[2019-05-27 16:48:47,742] {__init__.py:1374} INFO - Executing <Task(BashOperator): get_weather> on 2019-05-26T00:19:00+00:00
[2019-05-27 16:48:47,743] {base_task_runner.py:119} INFO - Running: [u'airflow', u'run', 'weatherDag', 'get_weather', '2019-05-26T00:19:00+00:00', u'--job_id', '89', u'--raw', u'-sd', u'DAGS_FOLDER/weatherDag.py', u'--cfg_path', '/var/folders/vq/p6h8wgbx1kl6g19d3nf64l2r0000gn/T/tmpHrz3QD']
[2019-05-27 16:48:48,419] {base_task_runner.py:101} INFO - Job 89: Subtask get_weather [2019-05-27 16:48:48,419] {__init__.py:51} INFO - Using executor SequentialExecutor
[2019-05-27 16:48:48,566] {base_task_runner.py:101} INFO - Job 89: Subtask get_weather [2019-05-27 16:48:48,566] {__init__.py:305} INFO - Filling up the DagBag from /Users/azad/airflow/dags/weatherDag.py
[2019-05-27 16:48:48,569] {base_task_runner.py:101} INFO - Job 89: Subtask get_weather /usr/local/lib/python2.7/site-packages/airflow/utils/helpers.py:387: DeprecationWarning: Importing 'PythonOperator' directly from 'airflow.operators' has been deprecated. Please import from 'airflow.operators.[operator_module]' instead. Support for direct imports will be dropped entirely in Airflow 2.0.
[2019-05-27 16:48:48,569] {base_task_runner.py:101} INFO - Job 89: Subtask get_weather   DeprecationWarning)
[2019-05-27 16:48:48,579] {base_task_runner.py:101} INFO - Job 89: Subtask get_weather /usr/local/lib/python2.7/site-packages/airflow/utils/helpers.py:387: DeprecationWarning: Importing 'PostgresHook' directly from 'airflow.hooks' has been deprecated. Please import from 'airflow.hooks.[operator_module]' instead. Support for direct imports will be dropped entirely in Airflow 2.0.
[2019-05-27 16:48:48,579] {base_task_runner.py:101} INFO - Job 89: Subtask get_weather   DeprecationWarning)
[2019-05-27 16:48:53,596] {base_task_runner.py:101} INFO - Job 89: Subtask get_weather [2019-05-27 16:48:53,595] {cli.py:517} INFO - Running <TaskInstance: weatherDag.get_weather 2019-05-26T00:19:00+00:00 [running]> on host Azads-MacBook-Pro.local
[2019-05-27 16:48:58,617] {bash_operator.py:81} INFO - Tmp dir root location: 
 /var/folders/vq/p6h8wgbx1kl6g19d3nf64l2r0000gn/T
[2019-05-27 16:48:58,618] {bash_operator.py:90} INFO - Exporting the following env vars:
AIRFLOW_CTX_TASK_ID=get_weather
AIRFLOW_CTX_DAG_ID=weatherDag
AIRFLOW_CTX_EXECUTION_DATE=2019-05-26T00:19:00+00:00
AIRFLOW_CTX_DAG_RUN_ID=backfill_2019-05-26T00:19:00+00:00
[2019-05-27 16:48:58,619] {bash_operator.py:104} INFO - Temporary script location: /var/folders/vq/p6h8wgbx1kl6g19d3nf64l2r0000gn/T/airflowtmpfsROKj/get_weathermy_CbA
[2019-05-27 16:48:58,619] {bash_operator.py:114} INFO - Running command: /Users/azad/.virtualenvs/bigdata/bin/python /Users/azad/airflow/dags/src/getWeather.py
[2019-05-27 16:48:58,624] {bash_operator.py:123} INFO - Output:
[2019-05-27 16:48:58,857] {bash_operator.py:131} INFO - Command exited with return code 0
[2019-05-27 16:49:02,813] {logging_mixin.py:95} INFO - [2019-05-27 16:49:02,812] {jobs.py:2562} INFO - Task exited with return code 0
