[2019-05-27 16:54:37,748] {__init__.py:1139} INFO - Dependencies all met for <TaskInstance: weatherDag.get_weather 2019-05-26T00:21:00+00:00 [queued]>
[2019-05-27 16:54:37,754] {__init__.py:1139} INFO - Dependencies all met for <TaskInstance: weatherDag.get_weather 2019-05-26T00:21:00+00:00 [queued]>
[2019-05-27 16:54:37,754] {__init__.py:1353} INFO - 
--------------------------------------------------------------------------------
[2019-05-27 16:54:37,754] {__init__.py:1354} INFO - Starting attempt 1 of 6
[2019-05-27 16:54:37,754] {__init__.py:1355} INFO - 
--------------------------------------------------------------------------------
[2019-05-27 16:54:37,768] {__init__.py:1374} INFO - Executing <Task(BashOperator): get_weather> on 2019-05-26T00:21:00+00:00
[2019-05-27 16:54:37,768] {base_task_runner.py:119} INFO - Running: [u'airflow', u'run', 'weatherDag', 'get_weather', '2019-05-26T00:21:00+00:00', u'--job_id', '91', u'--raw', u'-sd', u'DAGS_FOLDER/weatherDag.py', u'--cfg_path', '/var/folders/vq/p6h8wgbx1kl6g19d3nf64l2r0000gn/T/tmpXfQV27']
[2019-05-27 16:54:38,510] {base_task_runner.py:101} INFO - Job 91: Subtask get_weather [2019-05-27 16:54:38,510] {__init__.py:51} INFO - Using executor SequentialExecutor
[2019-05-27 16:54:38,677] {base_task_runner.py:101} INFO - Job 91: Subtask get_weather [2019-05-27 16:54:38,676] {__init__.py:305} INFO - Filling up the DagBag from /Users/azad/airflow/dags/weatherDag.py
[2019-05-27 16:54:38,681] {base_task_runner.py:101} INFO - Job 91: Subtask get_weather /usr/local/lib/python2.7/site-packages/airflow/utils/helpers.py:387: DeprecationWarning: Importing 'PythonOperator' directly from 'airflow.operators' has been deprecated. Please import from 'airflow.operators.[operator_module]' instead. Support for direct imports will be dropped entirely in Airflow 2.0.
[2019-05-27 16:54:38,681] {base_task_runner.py:101} INFO - Job 91: Subtask get_weather   DeprecationWarning)
[2019-05-27 16:54:38,691] {base_task_runner.py:101} INFO - Job 91: Subtask get_weather /usr/local/lib/python2.7/site-packages/airflow/utils/helpers.py:387: DeprecationWarning: Importing 'PostgresHook' directly from 'airflow.hooks' has been deprecated. Please import from 'airflow.hooks.[operator_module]' instead. Support for direct imports will be dropped entirely in Airflow 2.0.
[2019-05-27 16:54:38,691] {base_task_runner.py:101} INFO - Job 91: Subtask get_weather   DeprecationWarning)
[2019-05-27 16:54:43,705] {base_task_runner.py:101} INFO - Job 91: Subtask get_weather [2019-05-27 16:54:43,704] {cli.py:517} INFO - Running <TaskInstance: weatherDag.get_weather 2019-05-26T00:21:00+00:00 [running]> on host Azads-MacBook-Pro.local
[2019-05-27 16:54:48,727] {bash_operator.py:81} INFO - Tmp dir root location: 
 /var/folders/vq/p6h8wgbx1kl6g19d3nf64l2r0000gn/T
[2019-05-27 16:54:48,728] {bash_operator.py:90} INFO - Exporting the following env vars:
AIRFLOW_CTX_TASK_ID=get_weather
AIRFLOW_CTX_DAG_ID=weatherDag
AIRFLOW_CTX_EXECUTION_DATE=2019-05-26T00:21:00+00:00
AIRFLOW_CTX_DAG_RUN_ID=backfill_2019-05-26T00:21:00+00:00
[2019-05-27 16:54:48,729] {bash_operator.py:104} INFO - Temporary script location: /var/folders/vq/p6h8wgbx1kl6g19d3nf64l2r0000gn/T/airflowtmpLoRUJ7/get_weatherJN80mr
[2019-05-27 16:54:48,729] {bash_operator.py:114} INFO - Running command: /Users/azad/.virtualenvs/bigdata/bin/python /Users/azad/airflow/dags/src/getWeather.py
[2019-05-27 16:54:48,735] {bash_operator.py:123} INFO - Output:
[2019-05-27 16:54:49,152] {bash_operator.py:131} INFO - Command exited with return code 0
[2019-05-27 16:54:52,841] {logging_mixin.py:95} INFO - [2019-05-27 16:54:52,840] {jobs.py:2562} INFO - Task exited with return code 0
